#
# A fatal error has been detected by the Java Runtime Environment:
#
#  Internal Error (signature.cpp:267), pid=3796, tid=0x00000000000032dc
#  Error: ShouldNotReachHere()
#
# JRE version: Java(TM) SE Runtime Environment (8.0_241-b07) (build 1.8.0_241-b07)
# Java VM: Java HotSpot(TM) 64-Bit Server VM (25.241-b07 mixed mode windows-amd64 compressed oops)
# Failed to write core dump. Minidumps are not enabled by default on client versions of Windows
#
# If you would like to submit a bug report, please visit:
#   http://bugreport.java.com/bugreport/crash.jsp
#

---------------  T H R E A D  ---------------

Current thread (0x000000001e4ab000):  JavaThread "SpringApplicationShutdownHook" [_thread_in_vm, id=13020, stack(0x000000001efc0000,0x000000001f0c0000)]

Stack: [0x000000001efc0000,0x000000001f0c0000]
[error occurred during error reporting (printing stack bounds), id 0xc0000005]

Native frames: (J=compiled Java code, j=interpreted, Vv=VM code, C=native code)

Java frames: (J=compiled Java code, j=interpreted, Vv=VM code)
j  org.apache.tomcat.util.net.AbstractEndpoint.unlockAccept()V+97
j  org.apache.tomcat.util.net.NioEndpoint.unlockAccept()V+8
j  org.apache.tomcat.util.net.AbstractEndpoint.closeServerSocketGraceful()V+23
j  org.apache.coyote.AbstractProtocol.closeServerSocketGraceful()V+4
j  org.apache.catalina.core.StandardService.stopInternal()V+35
j  org.apache.catalina.util.LifecycleBase.stop()V+214
j  org.apache.catalina.core.StandardServer.stopInternal()V+82
j  org.apache.catalina.util.LifecycleBase.stop()V+214
j  org.apache.catalina.startup.Tomcat.stop()V+9
j  org.springframework.boot.web.embedded.tomcat.TomcatWebServer.stopTomcat()V+29
j  org.springframework.boot.web.embedded.tomcat.TomcatWebServer.stop()V+32
j  org.springframework.boot.web.servlet.context.WebServerStartStopLifecycle.stop()V+9
j  org.springframework.context.SmartLifecycle.stop(Ljava/lang/Runnable;)V+1
j  org.springframework.context.support.DefaultLifecycleProcessor.doStop(Ljava/util/Map;Ljava/lang/String;Ljava/util/concurrent/CountDownLatch;Ljava/util/Set;)V+174
j  org.springframework.context.support.DefaultLifecycleProcessor.access$300(Lorg/springframework/context/support/DefaultLifecycleProcessor;Ljava/util/Map;Ljava/lang/String;Ljava/util/concurrent/CountDownLatch;Ljava/util/Set;)V+6
j  org.springframework.context.support.DefaultLifecycleProcessor$LifecycleGroup.stop()V+176
j  org.springframework.context.support.DefaultLifecycleProcessor.stopBeans()V+100
j  org.springframework.context.support.DefaultLifecycleProcessor.onClose()V+1
j  org.springframework.context.support.AbstractApplicationContext.doClose()V+111
j  org.springframework.boot.web.servlet.context.ServletWebServerApplicationContext.doClose()V+15
j  org.springframework.context.support.AbstractApplicationContext.close()V+8
j  org.springframework.boot.SpringApplicationShutdownHook.closeAndWait(Lorg/springframework/context/ConfigurableApplicationContext;)V+11
j  org.springframework.boot.SpringApplicationShutdownHook$$Lambda$1319.accept(Ljava/lang/Object;)V+8
j  java.lang.Iterable.forEach(Ljava/util/function/Consumer;)V+30
j  org.springframework.boot.SpringApplicationShutdownHook.run()V+71
j  java.lang.Thread.run()V+11
v  ~StubRoutines::call_stub

---------------  P R O C E S S  ---------------

Java Threads: ( => current thread )
=>0x000000001e4ab000 JavaThread "SpringApplicationShutdownHook" [_thread_in_vm, id=13020, stack(0x000000001efc0000,0x000000001f0c0000)]
  0x000000001e4a6800 JavaThread "SIGINT handler" daemon [_thread_blocked, id=17688, stack(0x000000001ad20000,0x000000001ae20000)]
  0x000000001e4a1800 JavaThread "DestroyJavaVM" [_thread_blocked, id=18340, stack(0x0000000002f30000,0x0000000003030000)]
  0x000000001e4a4800 JavaThread "http-nio-8080-Acceptor" daemon [_thread_in_native, id=9560, stack(0x0000000020ec0000,0x0000000020fc0000)]
  0x000000001e4a0800 JavaThread "http-nio-8080-Poller" daemon [_thread_in_native, id=12544, stack(0x0000000020dc0000,0x0000000020ec0000)]
  0x000000001e4a3800 JavaThread "http-nio-8080-exec-10" daemon [_thread_blocked, id=18112, stack(0x0000000020cc0000,0x0000000020dc0000)]
  0x000000001e4a3000 JavaThread "http-nio-8080-exec-9" daemon [_thread_blocked, id=14416, stack(0x0000000020bc0000,0x0000000020cc0000)]
  0x000000001e4a6000 JavaThread "http-nio-8080-exec-8" daemon [_thread_blocked, id=19332, stack(0x0000000020ac0000,0x0000000020bc0000)]
  0x000000001e310000 JavaThread "http-nio-8080-exec-7" daemon [_thread_blocked, id=15424, stack(0x00000000209c0000,0x0000000020ac0000)]
  0x000000001e30f000 JavaThread "http-nio-8080-exec-6" daemon [_thread_blocked, id=11268, stack(0x00000000208c0000,0x00000000209c0000)]
  0x000000001e30e800 JavaThread "http-nio-8080-exec-5" daemon [_thread_blocked, id=14452, stack(0x00000000207c0000,0x00000000208c0000)]
  0x000000001e30d800 JavaThread "http-nio-8080-exec-4" daemon [_thread_blocked, id=6956, stack(0x00000000206c0000,0x00000000207c0000)]
  0x000000001e311800 JavaThread "http-nio-8080-exec-3" daemon [_thread_blocked, id=5688, stack(0x00000000205c0000,0x00000000206c0000)]
  0x000000001e310800 JavaThread "http-nio-8080-exec-2" daemon [_thread_blocked, id=9972, stack(0x00000000204c0000,0x00000000205c0000)]
  0x000000001e30c000 JavaThread "http-nio-8080-exec-1" daemon [_thread_blocked, id=17644, stack(0x00000000202c0000,0x00000000203c0000)]
  0x000000001e312000 JavaThread "Live Reload Server" daemon [_thread_in_native, id=13384, stack(0x00000000203c0000,0x00000000204c0000)]
  0x000000001e313000 JavaThread "File Watcher" daemon [_thread_blocked, id=17224, stack(0x00000000201c0000,0x00000000202c0000)]
  0x000000001e30d000 JavaThread "container-0" [_thread_blocked, id=7696, stack(0x000000001fcc0000,0x000000001fdc0000)]
  0x000000001e2f6000 JavaThread "Catalina-utility-2" [_thread_blocked, id=17460, stack(0x000000001fbc0000,0x000000001fcc0000)]
  0x000000001e2f5800 JavaThread "Catalina-utility-1" [_thread_blocked, id=7368, stack(0x000000001fac0000,0x000000001fbc0000)]
  0x00000000197e5000 JavaThread "HikariPool-1 housekeeper" daemon [_thread_blocked, id=7520, stack(0x000000001ecc0000,0x000000001edc0000)]
  0x0000000018e3c800 JavaThread "mysql-cj-abandoned-connection-cleanup" daemon [_thread_blocked, id=6216, stack(0x000000001b520000,0x000000001b620000)]
  0x0000000019c98800 JavaThread "RMI Scheduler(0)" daemon [_thread_blocked, id=13812, stack(0x000000001ae20000,0x000000001af20000)]
  0x0000000019a1b800 JavaThread "RMI TCP Accept-0" daemon [_thread_in_native, id=8592, stack(0x000000001a7d0000,0x000000001a8d0000)]
  0x00000000197f2000 JavaThread "Service Thread" daemon [_thread_blocked, id=12660, stack(0x000000001a390000,0x000000001a490000)]
  0x000000001974c800 JavaThread "C1 CompilerThread3" daemon [_thread_blocked, id=4224, stack(0x000000001a290000,0x000000001a390000)]
  0x0000000019749800 JavaThread "C2 CompilerThread2" daemon [_thread_blocked, id=10720, stack(0x000000001a190000,0x000000001a290000)]
  0x0000000019746800 JavaThread "C2 CompilerThread1" daemon [_thread_blocked, id=5124, stack(0x000000001a090000,0x000000001a190000)]
  0x0000000019744000 JavaThread "C2 CompilerThread0" daemon [_thread_blocked, id=1948, stack(0x0000000019f90000,0x000000001a090000)]
  0x0000000019741800 JavaThread "Monitor Ctrl-Break" daemon [_thread_in_native, id=8160, stack(0x0000000019e90000,0x0000000019f90000)]
  0x0000000016f9a000 JavaThread "Attach Listener" daemon [_thread_blocked, id=2532, stack(0x0000000019580000,0x0000000019680000)]
  0x0000000018dbd800 JavaThread "Signal Dispatcher" daemon [_thread_blocked, id=14420, stack(0x0000000019480000,0x0000000019580000)]
  0x0000000016f94800 JavaThread "Finalizer" daemon [_thread_blocked, id=16892, stack(0x0000000019280000,0x0000000019380000)]
  0x0000000018da0800 JavaThread "Reference Handler" daemon [_thread_blocked, id=14372, stack(0x0000000019180000,0x0000000019280000)]

Other Threads:
  0x000000000312e800 VMThread [stack: 0x0000000018c80000,0x0000000018d80000] [id=17556]
  0x0000000019a28000 WatcherThread [stack: 0x000000001a8d0000,0x000000001a9d0000] [id=11372]

VM state:not at safepoint (normal execution)

VM Mutex/Monitor currently owned by a thread: None

heap address: 0x00000000a1400000, size: 1516 MB, Compressed Oops mode: 32-bit
Narrow klass base: 0x0000000000000000, Narrow klass shift: 3
Compressed class space size: 1073741824 Address: 0x0000000100000000

Heap:
 PSYoungGen      total 235008K, used 41387K [0x00000000e0700000, 0x00000000f4d80000, 0x0000000100000000)
  eden space 227328K, 14% used [0x00000000e0700000,0x00000000e2842d10,0x00000000ee500000)
  from space 7680K, 95% used [0x00000000f4600000,0x00000000f4d28270,0x00000000f4d80000)
  to   space 12800K, 0% used [0x00000000f3480000,0x00000000f3480000,0x00000000f4100000)
 ParOldGen       total 87552K, used 30203K [0x00000000a1400000, 0x00000000a6980000, 0x00000000e0700000)
  object space 87552K, 34% used [0x00000000a1400000,0x00000000a317ee60,0x00000000a6980000)
 Metaspace       used 66008K, capacity 70787K, committed 71128K, reserved 1110016K
  class space    used 9310K, capacity 10131K, committed 10240K, reserved 1048576K

Card table byte_map: [0x0000000012640000,0x0000000012940000] byte_map_base: 0x0000000012136000

Marking Bits: (ParMarkBitMap*) 0x000000005362be30
 Begin Bits: [0x0000000013340000, 0x0000000014af0000)
 End Bits:   [0x0000000014af0000, 0x00000000162a0000)

Polling page: 0x0000000002d30000

CodeCache: size=245760Kb used=18168Kb max_used=18168Kb free=227591Kb
 bounds [0x0000000003280000, 0x0000000004450000, 0x0000000012280000]
 total_blobs=10805 nmethods=10199 adapters=517
 compilation: enabled

Compilation events (10 events):
Event: 11520.511 Thread 0x000000001974c800 10372       1       com.zaxxer.hikari.pool.HikariPool::logPoolState (92 bytes)
Event: 11520.514 Thread 0x000000001974c800 nmethod 10372 0x000000000443ea10 code [0x000000000443ec00, 0x000000000443f498]
Event: 11550.521 Thread 0x000000001974c800 10373       1       ch.qos.logback.classic.Logger::filterAndLog_1 (68 bytes)
Event: 11550.534 Thread 0x000000001974c800 nmethod 10373 0x000000000443fd50 code [0x000000000443ff00, 0x00000000044403d8]
Event: 11550.534 Thread 0x000000001974c800 10374       1       ch.qos.logback.classic.LoggerContext::getTurboFilterChainDecision_1 (38 bytes)
Event: 11550.536 Thread 0x000000001974c800 nmethod 10374 0x0000000004440750 code [0x00000000044408c0, 0x0000000004440b68]
Event: 11704.053 Thread 0x000000001974c800 10375       1       java.util.logging.LogManager$LoggerContext::getRootLogger (8 bytes)
Event: 11704.053 Thread 0x000000001974c800 nmethod 10375 0x0000000004440d10 code [0x0000000004440e60, 0x0000000004440f70]
Event: 11704.053 Thread 0x000000001974c800 10376       1       java.util.logging.LogManager$LoggerContext::getGlobalLogger (6 bytes)
Event: 11704.054 Thread 0x000000001974c800 nmethod 10376 0x0000000004441010 code [0x0000000004441160, 0x0000000004441270]

GC Heap History (10 events):
Event: 6193.289 GC heap before
{Heap before GC invocations=19 (full 3):
 PSYoungGen      total 285696K, used 285248K [0x00000000e0700000, 0x00000000f6e00000, 0x0000000100000000)
  eden space 278528K, 100% used [0x00000000e0700000,0x00000000f1700000,0x00000000f1700000)
  from space 7168K, 93% used [0x00000000f5680000,0x00000000f5d10250,0x00000000f5d80000)
  to   space 14848K, 0% used [0x00000000f5f80000,0x00000000f5f80000,0x00000000f6e00000)
 ParOldGen       total 87552K, used 30163K [0x00000000a1400000, 0x00000000a6980000, 0x00000000e0700000)
  object space 87552K, 34% used [0x00000000a1400000,0x00000000a3174e60,0x00000000a6980000)
 Metaspace       used 65583K, capacity 70217K, committed 70488K, reserved 1110016K
  class space    used 9261K, capacity 10062K, committed 10112K, reserved 1048576K
Event: 6193.316 GC heap after
Heap after GC invocations=19 (full 3):
 PSYoungGen      total 273920K, used 6608K [0x00000000e0700000, 0x00000000f6600000, 0x0000000100000000)
  eden space 267264K, 0% used [0x00000000e0700000,0x00000000e0700000,0x00000000f0c00000)
  from space 6656K, 99% used [0x00000000f5f80000,0x00000000f65f4220,0x00000000f6600000)
  to   space 14336K, 0% used [0x00000000f4a00000,0x00000000f4a00000,0x00000000f5800000)
 ParOldGen       total 87552K, used 30171K [0x00000000a1400000, 0x00000000a6980000, 0x00000000e0700000)
  object space 87552K, 34% used [0x00000000a1400000,0x00000000a3176e60,0x00000000a6980000)
 Metaspace       used 65583K, capacity 70217K, committed 70488K, reserved 1110016K
  class space    used 9261K, capacity 10062K, committed 10112K, reserved 1048576K
}
Event: 7589.893 GC heap before
{Heap before GC invocations=20 (full 3):
 PSYoungGen      total 273920K, used 273872K [0x00000000e0700000, 0x00000000f6600000, 0x0000000100000000)
  eden space 267264K, 100% used [0x00000000e0700000,0x00000000f0c00000,0x00000000f0c00000)
  from space 6656K, 99% used [0x00000000f5f80000,0x00000000f65f4220,0x00000000f6600000)
  to   space 14336K, 0% used [0x00000000f4a00000,0x00000000f4a00000,0x00000000f5800000)
 ParOldGen       total 87552K, used 30171K [0x00000000a1400000, 0x00000000a6980000, 0x00000000e0700000)
  object space 87552K, 34% used [0x00000000a1400000,0x00000000a3176e60,0x00000000a6980000)
 Metaspace       used 65627K, capacity 70277K, committed 70488K, reserved 1110016K
  class space    used 9267K, capacity 10072K, committed 10112K, reserved 1048576K
Event: 7589.945 GC heap after
Heap after GC invocations=20 (full 3):
 PSYoungGen      total 263680K, used 6728K [0x00000000e0700000, 0x00000000f6000000, 0x0000000100000000)
  eden space 256512K, 0% used [0x00000000e0700000,0x00000000e0700000,0x00000000f0180000)
  from space 7168K, 93% used [0x00000000f4a00000,0x00000000f5092220,0x00000000f5100000)
  to   space 13824K, 0% used [0x00000000f5280000,0x00000000f5280000,0x00000000f6000000)
 ParOldGen       total 87552K, used 30179K [0x00000000a1400000, 0x00000000a6980000, 0x00000000e0700000)
  object space 87552K, 34% used [0x00000000a1400000,0x00000000a3178e60,0x00000000a6980000)
 Metaspace       used 65627K, capacity 70277K, committed 70488K, reserved 1110016K
  class space    used 9267K, capacity 10072K, committed 10112K, reserved 1048576K
}
Event: 8838.144 GC heap before
{Heap before GC invocations=21 (full 3):
 PSYoungGen      total 263680K, used 263240K [0x00000000e0700000, 0x00000000f6000000, 0x0000000100000000)
  eden space 256512K, 100% used [0x00000000e0700000,0x00000000f0180000,0x00000000f0180000)
  from space 7168K, 93% used [0x00000000f4a00000,0x00000000f5092220,0x00000000f5100000)
  to   space 13824K, 0% used [0x00000000f5280000,0x00000000f5280000,0x00000000f6000000)
 ParOldGen       total 87552K, used 30179K [0x00000000a1400000, 0x00000000a6980000, 0x00000000e0700000)
  object space 87552K, 34% used [0x00000000a1400000,0x00000000a3178e60,0x00000000a6980000)
 Metaspace       used 65868K, capacity 70695K, committed 70872K, reserved 1110016K
  class space    used 9302K, capacity 10127K, committed 10240K, reserved 1048576K
Event: 8838.233 GC heap after
Heap after GC invocations=21 (full 3):
 PSYoungGen      total 252928K, used 6408K [0x00000000e0700000, 0x00000000f5900000, 0x0000000100000000)
  eden space 246272K, 0% used [0x00000000e0700000,0x00000000e0700000,0x00000000ef780000)
  from space 6656K, 96% used [0x00000000f5280000,0x00000000f58c2180,0x00000000f5900000)
  to   space 13824K, 0% used [0x00000000f3e00000,0x00000000f3e00000,0x00000000f4b80000)
 ParOldGen       total 87552K, used 30187K [0x00000000a1400000, 0x00000000a6980000, 0x00000000e0700000)
  object space 87552K, 34% used [0x00000000a1400000,0x00000000a317ae60,0x00000000a6980000)
 Metaspace       used 65868K, capacity 70695K, committed 70872K, reserved 1110016K
  class space    used 9302K, capacity 10127K, committed 10240K, reserved 1048576K
}
Event: 10276.416 GC heap before
{Heap before GC invocations=22 (full 3):
 PSYoungGen      total 252928K, used 252680K [0x00000000e0700000, 0x00000000f5900000, 0x0000000100000000)
  eden space 246272K, 100% used [0x00000000e0700000,0x00000000ef780000,0x00000000ef780000)
  from space 6656K, 96% used [0x00000000f5280000,0x00000000f58c2180,0x00000000f5900000)
  to   space 13824K, 0% used [0x00000000f3e00000,0x00000000f3e00000,0x00000000f4b80000)
 ParOldGen       total 87552K, used 30187K [0x00000000a1400000, 0x00000000a6980000, 0x00000000e0700000)
  object space 87552K, 34% used [0x00000000a1400000,0x00000000a317ae60,0x00000000a6980000)
 Metaspace       used 65911K, capacity 70695K, committed 70872K, reserved 1110016K
  class space    used 9306K, capacity 10127K, committed 10240K, reserved 1048576K
Event: 10276.533 GC heap after
Heap after GC invocations=22 (full 3):
 PSYoungGen      total 244224K, used 7312K [0x00000000e0700000, 0x00000000f5300000, 0x0000000100000000)
  eden space 236544K, 0% used [0x00000000e0700000,0x00000000e0700000,0x00000000eee00000)
  from space 7680K, 95% used [0x00000000f3e00000,0x00000000f45242a0,0x00000000f4580000)
  to   space 13312K, 0% used [0x00000000f4600000,0x00000000f4600000,0x00000000f5300000)
 ParOldGen       total 87552K, used 30195K [0x00000000a1400000, 0x00000000a6980000, 0x00000000e0700000)
  object space 87552K, 34% used [0x00000000a1400000,0x00000000a317ce60,0x00000000a6980000)
 Metaspace       used 65911K, capacity 70695K, committed 70872K, reserved 1110016K
  class space    used 9306K, capacity 10127K, committed 10240K, reserved 1048576K
}
Event: 11546.600 GC heap before
{Heap before GC invocations=23 (full 3):
 PSYoungGen      total 244224K, used 243856K [0x00000000e0700000, 0x00000000f5300000, 0x0000000100000000)
  eden space 236544K, 100% used [0x00000000e0700000,0x00000000eee00000,0x00000000eee00000)
  from space 7680K, 95% used [0x00000000f3e00000,0x00000000f45242a0,0x00000000f4580000)
  to   space 13312K, 0% used [0x00000000f4600000,0x00000000f4600000,0x00000000f5300000)
 ParOldGen       total 87552K, used 30195K [0x00000000a1400000, 0x00000000a6980000, 0x00000000e0700000)
  object space 87552K, 34% used [0x00000000a1400000,0x00000000a317ce60,0x00000000a6980000)
 Metaspace       used 65990K, capacity 70763K, committed 71128K, reserved 1110016K
  class space    used 9306K, capacity 10127K, committed 10240K, reserved 1048576K
Event: 11546.637 GC heap after
Heap after GC invocations=23 (full 3):
 PSYoungGen      total 235008K, used 7328K [0x00000000e0700000, 0x00000000f4d80000, 0x0000000100000000)
  eden space 227328K, 0% used [0x00000000e0700000,0x00000000e0700000,0x00000000ee500000)
  from space 7680K, 95% used [0x00000000f4600000,0x00000000f4d28270,0x00000000f4d80000)
  to   space 12800K, 0% used [0x00000000f3480000,0x00000000f3480000,0x00000000f4100000)
 ParOldGen       total 87552K, used 30203K [0x00000000a1400000, 0x00000000a6980000, 0x00000000e0700000)
  object space 87552K, 34% used [0x00000000a1400000,0x00000000a317ee60,0x00000000a6980000)
 Metaspace       used 65990K, capacity 70763K, committed 71128K, reserved 1110016K
  class space    used 9306K, capacity 10127K, committed 10240K, reserved 1048576K
}

Deoptimization events (0 events):
No events

Classes redefined (0 events):
No events

Internal exceptions (10 events):
Event: 6835.649 Thread 0x000000001e30e800 Exception <a 'java/lang/ArrayIndexOutOfBoundsException'> (0x00000000e7f16458) thrown at [C:\ade\jenkins\workspace\8-2-build-windows-amd64-cygwin\jdk8u241\331\hotspot\src\share\vm\runtime\sharedRuntime.cpp, line 605]
Event: 7604.849 Thread 0x000000001e30d800 Exception <a 'java/lang/ClassNotFoundException': com/example/seafoodbe/dto/ISalesReportCustomizer> (0x00000000e0da01f8) thrown at [C:\ade\jenkins\workspace\8-2-build-windows-amd64-cygwin\jdk8u241\331\hotspot\src\share\vm\classfile\systemDictionary.cpp, li
Event: 8424.299 Thread 0x000000001e30d800 Exception <a 'java/lang/ClassNotFoundException': com/example/seafoodbe/model/ICartCustomizer> (0x00000000e9e3f508) thrown at [C:\ade\jenkins\workspace\8-2-build-windows-amd64-cygwin\jdk8u241\331\hotspot\src\share\vm\classfile\systemDictionary.cpp, line 21
Event: 8432.086 Thread 0x000000001e311800 Exception <a 'java/lang/ArrayIndexOutOfBoundsException'> (0x00000000e9f86778) thrown at [C:\ade\jenkins\workspace\8-2-build-windows-amd64-cygwin\jdk8u241\331\hotspot\src\share\vm\runtime\sharedRuntime.cpp, line 605]
Event: 8432.200 Thread 0x000000001e311800 Exception <a 'java/lang/ClassNotFoundException': java/lang/ObjectCustomizer> (0x00000000e9fc1a60) thrown at [C:\ade\jenkins\workspace\8-2-build-windows-amd64-cygwin\jdk8u241\331\hotspot\src\share\vm\classfile\systemDictionary.cpp, line 210]
Event: 8432.201 Thread 0x000000001e311800 Exception <a 'java/lang/ArrayIndexOutOfBoundsException'> (0x00000000e9fc5178) thrown at [C:\ade\jenkins\workspace\8-2-build-windows-amd64-cygwin\jdk8u241\331\hotspot\src\share\vm\runtime\sharedRuntime.cpp, line 605]
Event: 8432.215 Thread 0x000000001e311800 Exception <a 'java/lang/ClassNotFoundException': com/example/seafoodbe/model/OrderDetailCustomizer> (0x00000000e9fe7e80) thrown at [C:\ade\jenkins\workspace\8-2-build-windows-amd64-cygwin\jdk8u241\331\hotspot\src\share\vm\classfile\systemDictionary.cpp, l
Event: 8432.341 Thread 0x000000001e311800 Exception <a 'java/lang/ArrayIndexOutOfBoundsException'> (0x00000000ea04ff80) thrown at [C:\ade\jenkins\workspace\8-2-build-windows-amd64-cygwin\jdk8u241\331\hotspot\src\share\vm\runtime\sharedRuntime.cpp, line 605]
Event: 8892.477 Thread 0x000000001e30c000 Exception <a 'java/lang/ArrayIndexOutOfBoundsException'> (0x00000000e1644e90) thrown at [C:\ade\jenkins\workspace\8-2-build-windows-amd64-cygwin\jdk8u241\331\hotspot\src\share\vm\runtime\sharedRuntime.cpp, line 605]
Event: 8892.499 Thread 0x000000001e310000 Exception <a 'java/lang/ArrayIndexOutOfBoundsException'> (0x00000000e176ac78) thrown at [C:\ade\jenkins\workspace\8-2-build-windows-amd64-cygwin\jdk8u241\331\hotspot\src\share\vm\runtime\sharedRuntime.cpp, line 605]

Events (10 events):
Event: 11704.137 loading class org/springframework/boot/web/server/GracefulShutdownResult
Event: 11704.137 loading class org/springframework/boot/web/server/GracefulShutdownResult done
Event: 11704.138 loading class org/springframework/boot/web/server/GracefulShutdownResult
Event: 11704.138 loading class org/springframework/boot/web/server/GracefulShutdownResult done
Event: 11704.147 loading class org/springframework/boot/web/server/GracefulShutdownResult
Event: 11704.147 loading class org/springframework/boot/web/server/GracefulShutdownResult done
Event: 11704.147 loading class org/springframework/boot/web/server/GracefulShutdownCallback
Event: 11704.147 loading class org/springframework/boot/web/server/GracefulShutdownCallback done
Event: 11704.147 loading class org/springframework/boot/web/server/GracefulShutdownCallback
Event: 11704.147 loading class org/springframework/boot/web/server/GracefulShutdownCallback done


Dynamic libraries:
0x00007ff79b290000 - 0x00007ff79b2c7000 	C:\Program Files\Java\jdk1.8.0_241\bin\java.exe
0x00007ff825c70000 - 0x00007ff825e84000 	C:\WINDOWS\SYSTEM32\ntdll.dll
0x00007ff824450000 - 0x00007ff824513000 	C:\WINDOWS\System32\KERNEL32.DLL
0x00007ff823550000 - 0x00007ff8238ec000 	C:\WINDOWS\System32\KERNELBASE.dll
0x00007ff824fc0000 - 0x00007ff82506e000 	C:\WINDOWS\System32\ADVAPI32.dll
0x00007ff8250e0000 - 0x00007ff825187000 	C:\WINDOWS\System32\msvcrt.dll
0x00007ff8243a0000 - 0x00007ff824444000 	C:\WINDOWS\System32\sechost.dll
0x00007ff825190000 - 0x00007ff8252a5000 	C:\WINDOWS\System32\RPCRT4.dll
0x00007ff823fc0000 - 0x00007ff82416d000 	C:\WINDOWS\System32\USER32.dll
0x00007ff8230b0000 - 0x00007ff8230d6000 	C:\WINDOWS\System32\win32u.dll
0x00007ff824370000 - 0x00007ff824399000 	C:\WINDOWS\System32\GDI32.dll
0x00007ff8238f0000 - 0x00007ff823a03000 	C:\WINDOWS\System32\gdi32full.dll
0x00007ff823430000 - 0x00007ff8234ca000 	C:\WINDOWS\System32\msvcp_win.dll
0x00007ff8230e0000 - 0x00007ff8231f1000 	C:\WINDOWS\System32\ucrtbase.dll
0x00007ff8222b0000 - 0x00007ff82253e000 	C:\WINDOWS\WinSxS\amd64_microsoft.windows.common-controls_6595b64144ccf1df_6.0.22621.608_none_a9444ca7c10bb01d\COMCTL32.dll
0x00007ff824170000 - 0x00007ff8241a1000 	C:\WINDOWS\System32\IMM32.DLL
0x00000000536b0000 - 0x0000000053782000 	C:\Program Files\Java\jdk1.8.0_241\jre\bin\msvcr100.dll
0x0000000052e00000 - 0x00000000536ac000 	C:\Program Files\Java\jdk1.8.0_241\jre\bin\server\jvm.dll
0x00007ff8242b0000 - 0x00007ff8242b8000 	C:\WINDOWS\System32\PSAPI.DLL
0x00007ff81c4e0000 - 0x00007ff81c4e9000 	C:\WINDOWS\SYSTEM32\WSOCK32.dll
0x00007ff81c040000 - 0x00007ff81c074000 	C:\WINDOWS\SYSTEM32\WINMM.dll
0x00007ff8242f0000 - 0x00007ff824361000 	C:\WINDOWS\System32\WS2_32.dll
0x00007ff81a280000 - 0x00007ff81a28a000 	C:\WINDOWS\SYSTEM32\VERSION.dll
0x00007ff81e110000 - 0x00007ff81e11f000 	C:\Program Files\Java\jdk1.8.0_241\jre\bin\verify.dll
0x00007ff8134a0000 - 0x00007ff8134c9000 	C:\Program Files\Java\jdk1.8.0_241\jre\bin\java.dll
0x00007ff816ac0000 - 0x00007ff816ae3000 	C:\Program Files\Java\jdk1.8.0_241\jre\bin\instrument.dll
0x00007ff813480000 - 0x00007ff813496000 	C:\Program Files\Java\jdk1.8.0_241\jre\bin\zip.dll
0x00007ff824620000 - 0x00007ff824e10000 	C:\WINDOWS\System32\SHELL32.dll
0x00007ff820a00000 - 0x00007ff8212ce000 	C:\WINDOWS\SYSTEM32\windows.storage.dll
0x00007ff8256f0000 - 0x00007ff825a79000 	C:\WINDOWS\System32\combase.dll
0x00007ff8208c0000 - 0x00007ff8209fe000 	C:\WINDOWS\SYSTEM32\wintypes.dll
0x00007ff8255f0000 - 0x00007ff8256e1000 	C:\WINDOWS\System32\SHCORE.dll
0x00007ff823a80000 - 0x00007ff823ade000 	C:\WINDOWS\System32\shlwapi.dll
0x00007ff822fe0000 - 0x00007ff823001000 	C:\WINDOWS\SYSTEM32\profapi.dll
0x00007ff81a220000 - 0x00007ff81a23a000 	C:\Program Files\JetBrains\IntelliJ IDEA 2021.2.4\bin\breakgen64.dll
0x00007ff813460000 - 0x00007ff81347a000 	C:\Program Files\Java\jdk1.8.0_241\jre\bin\net.dll
0x00007ff821e70000 - 0x00007ff821ed9000 	C:\WINDOWS\system32\mswsock.dll
0x00007ff821590000 - 0x00007ff821683000 	C:\WINDOWS\SYSTEM32\DNSAPI.dll
0x00007ff821520000 - 0x00007ff82154d000 	C:\WINDOWS\SYSTEM32\IPHLPAPI.DLL
0x00007ff825070000 - 0x00007ff825079000 	C:\WINDOWS\System32\NSI.dll
0x00007ff813710000 - 0x00007ff81371a000 	C:\Windows\System32\rasadhlp.dll
0x00007ff81a650000 - 0x00007ff81a6d3000 	C:\WINDOWS\System32\fwpuclnt.dll
0x00007ff813430000 - 0x00007ff81343d000 	C:\Program Files\Java\jdk1.8.0_241\jre\bin\management.dll
0x00007ff813440000 - 0x00007ff813452000 	C:\Program Files\Java\jdk1.8.0_241\jre\bin\nio.dll
0x00007ff822c60000 - 0x00007ff822c7b000 	C:\WINDOWS\SYSTEM32\CRYPTSP.dll
0x00007ff8219b0000 - 0x00007ff8219e5000 	C:\WINDOWS\system32\rsaenh.dll
0x00007ff8220f0000 - 0x00007ff822118000 	C:\WINDOWS\SYSTEM32\USERENV.dll
0x00007ff8228d0000 - 0x00007ff8228f8000 	C:\WINDOWS\SYSTEM32\bcrypt.dll
0x00007ff8234d0000 - 0x00007ff82354b000 	C:\WINDOWS\System32\bcryptprimitives.dll
0x00007ff822120000 - 0x00007ff82212c000 	C:\WINDOWS\SYSTEM32\CRYPTBASE.dll
0x00007ff81b5d0000 - 0x00007ff81b5e9000 	C:\WINDOWS\SYSTEM32\dhcpcsvc6.DLL
0x00007ff81b5b0000 - 0x00007ff81b5cf000 	C:\WINDOWS\SYSTEM32\dhcpcsvc.DLL
0x00007ff805bf0000 - 0x00007ff805c07000 	C:\WINDOWS\system32\napinsp.dll
0x00007ff805600000 - 0x00007ff80561b000 	C:\WINDOWS\system32\pnrpnsp.dll
0x00007ff8055e0000 - 0x00007ff8055f1000 	C:\WINDOWS\System32\winrnr.dll
0x00007ff8055c0000 - 0x00007ff8055d5000 	C:\WINDOWS\system32\wshbth.dll
0x00007ff805590000 - 0x00007ff8055b1000 	C:\WINDOWS\system32\nlansp_c.dll
0x00007ff816450000 - 0x00007ff816474000 	C:\Program Files\Java\jdk1.8.0_241\jre\bin\sunec.dll
0x00007ff8221d0000 - 0x00007ff8221db000 	C:\Program Files\Java\jdk1.8.0_241\jre\bin\sunmscapi.dll
0x00007ff8232c0000 - 0x00007ff823426000 	C:\WINDOWS\System32\CRYPT32.dll

VM Arguments:
jvm_args: -XX:TieredStopAtLevel=1 -Xverify:none -Dspring.output.ansi.enabled=always -javaagent:C:\Program Files\JetBrains\IntelliJ IDEA 2021.2.4\lib\idea_rt.jar=55432:C:\Program Files\JetBrains\IntelliJ IDEA 2021.2.4\bin -Dcom.sun.management.jmxremote -Dspring.jmx.enabled=true -Dspring.liveBeansView.mbeanDomain -Dspring.application.admin.enabled=true -Dfile.encoding=UTF-8 
java_command: com.example.seafoodbe.SeafoodBeApplication
java_class_path (initial): C:\Program Files\Java\jdk1.8.0_241\jre\lib\charsets.jar;C:\Program Files\Java\jdk1.8.0_241\jre\lib\deploy.jar;C:\Program Files\Java\jdk1.8.0_241\jre\lib\ext\access-bridge-64.jar;C:\Program Files\Java\jdk1.8.0_241\jre\lib\ext\cldrdata.jar;C:\Program Files\Java\jdk1.8.0_241\jre\lib\ext\dnsns.jar;C:\Program Files\Java\jdk1.8.0_241\jre\lib\ext\jaccess.jar;C:\Program Files\Java\jdk1.8.0_241\jre\lib\ext\jfxrt.jar;C:\Program Files\Java\jdk1.8.0_241\jre\lib\ext\localedata.jar;C:\Program Files\Java\jdk1.8.0_241\jre\lib\ext\nashorn.jar;C:\Program Files\Java\jdk1.8.0_241\jre\lib\ext\sunec.jar;C:\Program Files\Java\jdk1.8.0_241\jre\lib\ext\sunjce_provider.jar;C:\Program Files\Java\jdk1.8.0_241\jre\lib\ext\sunmscapi.jar;C:\Program Files\Java\jdk1.8.0_241\jre\lib\ext\sunpkcs11.jar;C:\Program Files\Java\jdk1.8.0_241\jre\lib\ext\zipfs.jar;C:\Program Files\Java\jdk1.8.0_241\jre\lib\javaws.jar;C:\Program Files\Java\jdk1.8.0_241\jre\lib\jce.jar;C:\Program Files\Java\jdk1.8.0_241\jre\lib\jfr.jar;C:\Program Files\Java\jdk1.8.0_241\jre\lib\jfxswt.jar;C:\Program Files\Java\jdk1.8.0_241\jre\lib\jsse.jar;C:\Program Files\Java\jdk1.8.0_241\jre\lib\management-agent.jar;C:\Program Files\Java\jdk1.8.0_241\jre\lib\plugin.jar;C:\Program Files\Java\jdk1.8.0_241\jre\lib\resources.jar;C:\Program Files\Java\jdk1.8.0_241\jre\lib\rt.jar;C:\codegym\Sprint2\BE-SPRINT2\seafood-be\build\classes\java\main;C:\codegym\Sprint2\BE-SPRINT2\seafood-be\build\resources\main;C:\Users\FPT\.gradle\caches\modules-2\files-2.1\org.springframework.boot\spring-boot-starter-batch\2.7.8\738c994b81fb9d9cc8f6c8c318a32997548fdec3\spring-boot-starter-batch-2.7.8.jar;C:\Users\FPT\.gradle\caches\modules-2\files-2.1\org.springframework.boot\spring-boot-starter-data-jpa\2.7.8\ace969cae39b4479ffedd58e04c5a6eca60c94a5\spring-boot-starter-data-jpa-2.7.8.jar;C:\Users\FPT\.gradle\caches\modules-2\files-2.1\org.springframework.boot\spring-boot-starter-validation\2.7.8\186ab03afb751b1379cbf02a95008d006f95d50d\s
Launcher Type: SUN_STANDARD

Environment Variables:
PATH=C:\Program Files (x86)\Common Files\Oracle\Java\javapath;C:\WINDOWS\system32;C:\WINDOWS;C:\WINDOWS\System32\Wbem;C:\WINDOWS\System32\WindowsPowerShell\v1.0\;C:\WINDOWS\System32\OpenSSH\;C:\Program Files\Git\cmd;C:\Program Files\nodejs\;C:\Users\FPT\AppData\Local\Microsoft\WindowsApps;;C:\Users\FPT\AppData\Local\Programs\Microsoft VS Code\bin;C:\Program Files\JetBrains\IntelliJ IDEA 2020.1.1\bin;;C:\Users\FPT\AppData\Roaming\npm
USERNAME=FPT
OS=Windows_NT
PROCESSOR_IDENTIFIER=AMD64 Family 23 Model 24 Stepping 1, AuthenticAMD



---------------  S Y S T E M  ---------------

OS: Windows 10.0 , 64 bit Build 22621 (10.0.22621.1344)

CPU:total 8 (initial active 8) (8 cores per cpu, 1 threads per core) family 23 model 24 stepping 1, cmov, cx8, fxsr, mmx, sse, sse2, sse3, ssse3, sse4.1, sse4.2, popcnt, avx, avx2, aes, clmul, mmxext, 3dnowpref, lzcnt, sse4a, tsc, tscinvbit, tscinv, bmi1

Memory: 4k page, physical 6206384k(1223540k free), swap 17216432k(6510552k free)

vm_info: Java HotSpot(TM) 64-Bit Server VM (25.241-b07) for windows-amd64 JRE (1.8.0_241-b07), built on Dec 11 2019 10:21:40 by "rejava" with MS VC++ 10.0 (VS2010)

time: Mon Apr 10 15:34:13 2023
timezone: SE Asia Standard Time
elapsed time: 11704 seconds (0d 3h 15m 4s)

